<?xml version="1.0" encoding="UTF-8"?>
<testsuite xmlns:xsi="http://www.w3.org/2001/XMLSchema-instance" xsi:noNamespaceSchemaLocation="https://maven.apache.org/surefire/maven-surefire-plugin/xsd/surefire-test-report.xsd" name="edu.brandeis.cosi103a.groupe.engineTests.GameEngineTest" time="0.019" tests="6" errors="0" skipped="0" failures="0">
  <properties>
[...]
</properties>
  <testcase name="testDistributeCards" classname="edu.brandeis.cosi103a.groupe.engineTests.GameEngineTest" time="0.002"/>
  <testcase name="testCleanupPhase" classname="edu.brandeis.cosi103a.groupe.engineTests.GameEngineTest" time="0.008"/>
  <testcase name="testInitialization" classname="edu.brandeis.cosi103a.groupe.engineTests.GameEngineTest" time="0"/>
  <testcase name="testActionPhase" classname="edu.brandeis.cosi103a.groupe.engineTests.GameEngineTest" time="0.004"/>
  <testcase name="testPlayFullTurn" classname="edu.brandeis.cosi103a.groupe.engineTests.GameEngineTest" time="0.002"/>
  <testcase name="testMoneyPhase" classname="edu.brandeis.cosi103a.groupe.engineTests.GameEngineTest" time="0.002"/>
</testsuite>